<?xml version="1.0" encoding="UTF-8"?>
<testsuites name="Basic test" time="171" tests="3" failures="0" errors="0">
   <testsuite name="Basic test" tests="3" failures="0" errors="0" time="171" timestamp="2018-12-13 13:58:57" hostname="bob.buford - 10.12.70.3" id="Test Suites/Basic test">
      <properties>
         <property name="deviceName" value="Galaxy J3"/>
         <property name="devicePlatform" value=""/>
         <property name="logFolder" value="/Users/bob.buford/Data/mpdx/mpdxqa/mpdxqa-apk/Reports/Basic test/20181213_135852"/>
         <property name="logFiles" value="/Users/bob.buford/Data/mpdx/mpdxqa/mpdxqa-apk/Reports/Basic test/20181213_135852/execution0.log"/>
         <property name="attachments" value=""/>
         <property name="hostName" value="bob.buford - 10.12.70.3"/>
         <property name="os" value="Mac OS X 64bit"/>
         <property name="katalonVersion" value="4.1.0.2"/>
         <property name="deviceOS" value="Android"/>
         <property name="appiumVersion" value="1.8.1"/>
         <property name="deviceModel" value="null"/>
         <property name="hostAddress" value="10.12.70.3"/>
         <property name="deviceManufacturer" value="null"/>
         <property name="deviceId" value="null"/>
         <property name="deviceName" value="Galaxy J3"/>
         <property name="deviceOSVersion" value="7.0"/>
      </properties>
      <testcase name="Test Cases/Android Log In" classname="Test Cases/Android Log In" status="PASSED">
         <system-out><![CDATA[2018-12-13 13:58:58 - [TEST_CASE][PASSED] - Test Cases/Android Log In: Test Cases/Android Log In

2018-12-13 13:58:58 - [TEST_STEP][PASSED] - startApplication: Started app at: 'kobiton-store:21961'

2018-12-13 14:00:06 - [MESSAGE][PASSED] - Started app at: 'kobiton-store:21961'

2018-12-13 14:00:06 - [TEST_STEP][PASSED] - tap: Tapped on element 'Object Repository/android.widget.Button0 - get started'

2018-12-13 14:00:07 - [MESSAGE][WARNING] - Timeout '0' is invalid. Using default page load timeout: '30'

2018-12-13 14:00:09 - [MESSAGE][PASSED] - Tapped on element 'Object Repository/android.widget.Button0 - get started'

2018-12-13 14:00:09 - [TEST_STEP][PASSED] - setText: Text '1111' has been set to element 'Object Repository/android.widget.EditText0'

2018-12-13 14:00:09 - [MESSAGE][WARNING] - Timeout '0' is invalid. Using default page load timeout: '30'

2018-12-13 14:00:12 - [MESSAGE][PASSED] - Text '1111' has been set to element 'Object Repository/android.widget.EditText0'

2018-12-13 14:00:12 - [TEST_STEP][PASSED] - tap: Tapped on element 'Object Repository/android.widget.Button0 - confirm pin'

2018-12-13 14:00:12 - [MESSAGE][WARNING] - Timeout '0' is invalid. Using default page load timeout: '30'

2018-12-13 14:00:16 - [MESSAGE][PASSED] - Tapped on element 'Object Repository/android.widget.Button0 - confirm pin'

2018-12-13 14:00:16 - [TEST_STEP][PASSED] - switchToPortrait: Switching the device to portrait mode successfully

2018-12-13 14:00:17 - [MESSAGE][PASSED] - Switching the device to portrait mode successfully

2018-12-13 14:00:17 - [TEST_STEP][PASSED] - setText: Text 'test@test.com' has been set to element 'Object Repository/android.widget.EditText0 (1)'

2018-12-13 14:00:17 - [MESSAGE][WARNING] - Timeout '0' is invalid. Using default page load timeout: '30'

2018-12-13 14:00:38 - [MESSAGE][PASSED] - Text 'test@test.com' has been set to element 'Object Repository/android.widget.EditText0 (1)'

2018-12-13 14:00:38 - [TEST_STEP][PASSED] - setText: Text 'Test1234' has been set to element 'Object Repository/android.widget.EditText1'

2018-12-13 14:00:38 - [MESSAGE][WARNING] - Timeout '0' is invalid. Using default page load timeout: '30'

2018-12-13 14:00:40 - [MESSAGE][PASSED] - Text 'Test1234' has been set to element 'Object Repository/android.widget.EditText1'

2018-12-13 14:00:40 - [TEST_STEP][PASSED] - tap: Tapped on element 'Object Repository/android.widget.Button0 - SIGN IN'

2018-12-13 14:00:40 - [MESSAGE][WARNING] - Timeout '0' is invalid. Using default page load timeout: '30'

2018-12-13 14:00:42 - [MESSAGE][PASSED] - Tapped on element 'Object Repository/android.widget.Button0 - SIGN IN'

2018-12-13 14:00:42 - [TEST_STEP][NOT_RUN] - switchToPortrait: NOT_RUN: switchToPortrait

2018-12-13 14:00:42 - [MESSAGE][NOT_RUN] - NOT_RUN: switchToPortrait

2018-12-13 14:00:42 - [TEST_STEP][PASSED] - tap: Tapped on element 'Object Repository/android.widget.Button0 - AUTHORIZE'

2018-12-13 14:00:42 - [MESSAGE][WARNING] - Timeout '0' is invalid. Using default page load timeout: '30'

2018-12-13 14:00:47 - [MESSAGE][PASSED] - Tapped on element 'Object Repository/android.widget.Button0 - AUTHORIZE'

2018-12-13 14:00:47 - [TEST_STEP][PASSED] - switchToPortrait: Switching the device to portrait mode successfully

2018-12-13 14:00:48 - [MESSAGE][PASSED] - Switching the device to portrait mode successfully

2018-12-13 14:00:48 - [TEST_STEP][PASSED] - setText: Text '1111' has been set to element 'Object Repository/android.widget.EditText0 (2)'

2018-12-13 14:00:48 - [MESSAGE][WARNING] - Timeout '0' is invalid. Using default page load timeout: '30'

2018-12-13 14:00:59 - [MESSAGE][PASSED] - Text '1111' has been set to element 'Object Repository/android.widget.EditText0 (2)'

2018-12-13 14:00:59 - [TEST_STEP][PASSED] - tap: Tapped on element 'Object Repository/android.widget.Button0 - unlock with pin'

2018-12-13 14:00:59 - [MESSAGE][WARNING] - Timeout '0' is invalid. Using default page load timeout: '30'

2018-12-13 14:01:02 - [MESSAGE][PASSED] - Tapped on element 'Object Repository/android.widget.Button0 - unlock with pin'

2018-12-13 14:01:02 - [TEST_STEP][PASSED] - switchToPortrait: Switching the device to portrait mode successfully

2018-12-13 14:01:03 - [MESSAGE][PASSED] - Switching the device to portrait mode successfully]]></system-out>
         <system-err><![CDATA[]]></system-err>
      </testcase>
      <testcase name="Test Cases/Android create task" classname="Test Cases/Android create task" status="PASSED">
         <system-out><![CDATA[2018-12-13 14:01:03 - [TEST_CASE][PASSED] - Test Cases/Android create task: Test Cases/Android create task

2018-12-13 14:01:03 - [TEST_STEP][PASSED] - tap: Tapped on element 'Object Repository/android.widget.ImageButton0'

2018-12-13 14:01:03 - [MESSAGE][WARNING] - Timeout '0' is invalid. Using default page load timeout: '30'

2018-12-13 14:01:31 - [MESSAGE][PASSED] - Tapped on element 'Object Repository/android.widget.ImageButton0'

2018-12-13 14:01:31 - [TEST_STEP][PASSED] - tap: Tapped on element 'Object Repository/android.widget.ImageButton0 (1)'

2018-12-13 14:01:31 - [MESSAGE][WARNING] - Timeout '0' is invalid. Using default page load timeout: '30'

2018-12-13 14:01:35 - [MESSAGE][PASSED] - Tapped on element 'Object Repository/android.widget.ImageButton0 (1)'

2018-12-13 14:01:35 - [TEST_STEP][PASSED] - setText: Text 'Test task subject' has been set to element 'Object Repository/android.widget.EditText0 - enter a task subject'

2018-12-13 14:01:36 - [MESSAGE][WARNING] - Timeout '0' is invalid. Using default page load timeout: '30'

2018-12-13 14:01:38 - [MESSAGE][PASSED] - Text 'Test task subject' has been set to element 'Object Repository/android.widget.EditText0 - enter a task subject'

2018-12-13 14:01:38 - [TEST_STEP][PASSED] - tap: Tapped on element 'Object Repository/android.widget.TextView4 - activity type'

2018-12-13 14:01:38 - [MESSAGE][WARNING] - Timeout '0' is invalid. Using default page load timeout: '30'

2018-12-13 14:01:41 - [MESSAGE][PASSED] - Tapped on element 'Object Repository/android.widget.TextView4 - activity type'

2018-12-13 14:01:41 - [TEST_STEP][PASSED] - tap: Tapped on element 'Object Repository/android.widget.TextView12 - Text Message'

2018-12-13 14:01:41 - [MESSAGE][WARNING] - Timeout '0' is invalid. Using default page load timeout: '30'

2018-12-13 14:01:43 - [MESSAGE][PASSED] - Tapped on element 'Object Repository/android.widget.TextView12 - Text Message'

2018-12-13 14:01:43 - [TEST_STEP][NOT_RUN] - tap: NOT_RUN: tap

2018-12-13 14:01:43 - [MESSAGE][NOT_RUN] - NOT_RUN: tap

2018-12-13 14:01:43 - [TEST_STEP][NOT_RUN] - tap: NOT_RUN: tap

2018-12-13 14:01:43 - [MESSAGE][NOT_RUN] - NOT_RUN: tap

2018-12-13 14:01:43 - [TEST_STEP][NOT_RUN] - tap: NOT_RUN: tap

2018-12-13 14:01:43 - [MESSAGE][NOT_RUN] - NOT_RUN: tap

2018-12-13 14:01:43 - [TEST_STEP][NOT_RUN] - tap: NOT_RUN: tap

2018-12-13 14:01:43 - [MESSAGE][NOT_RUN] - NOT_RUN: tap

2018-12-13 14:01:43 - [TEST_STEP][NOT_RUN] - setText: NOT_RUN: setText

2018-12-13 14:01:43 - [MESSAGE][NOT_RUN] - NOT_RUN: setText

2018-12-13 14:01:43 - [TEST_STEP][NOT_RUN] - hideKeyboard: NOT_RUN: hideKeyboard

2018-12-13 14:01:43 - [MESSAGE][NOT_RUN] - NOT_RUN: hideKeyboard

2018-12-13 14:01:43 - [TEST_STEP][PASSED] - tap: Tapped on element 'Object Repository/android.widget.TextView1 - ADD'

2018-12-13 14:01:43 - [MESSAGE][WARNING] - Timeout '0' is invalid. Using default page load timeout: '30'

2018-12-13 14:01:46 - [MESSAGE][PASSED] - Tapped on element 'Object Repository/android.widget.TextView1 - ADD'

2018-12-13 14:01:46 - [TEST_STEP][PASSED] - switchToPortrait: Switching the device to portrait mode successfully

2018-12-13 14:01:47 - [MESSAGE][PASSED] - Switching the device to portrait mode successfully]]></system-out>
         <system-err><![CDATA[]]></system-err>
      </testcase>
      <testcase name="Test Cases/Android Log Out" classname="Test Cases/Android Log Out" status="PASSED">
         <system-out><![CDATA[2018-12-13 14:01:47 - [TEST_CASE][PASSED] - Test Cases/Android Log Out: Test Cases/Android Log Out

2018-12-13 14:01:47 - [TEST_STEP][PASSED] - closeApplication: Close app successfully

2018-12-13 14:01:49 - [MESSAGE][PASSED] - Close app successfully]]></system-out>
         <system-err><![CDATA[]]></system-err>
      </testcase>
      <system-out><![CDATA[2018-12-13 13:58:57 - [TEST_SUITE][PASSED] - Basic test: Test Cases/Android Log Out]]></system-out>
      <system-err><![CDATA[]]></system-err>
   </testsuite>
</testsuites>
